[0.712s] Invoking command in '/home/javierbecerril/harmonic_ws/build/ardupilot_sitl': AMENT_PREFIX_PATH=/home/javierbecerril/harmonic_ws/install/ardupilot_msgs:${AMENT_PREFIX_PATH} CMAKE_PREFIX_PATH=/home/javierbecerril/harmonic_ws/install/ardupilot_msgs:/home/javierbecerril/harmonic_ws/install/ardupilot_gazebo:/opt/ros/jazzy/opt/gz_sim_vendor:/opt/ros/jazzy/opt/gz_sensors_vendor:/opt/ros/jazzy/opt/gz_physics_vendor:/opt/ros/jazzy/opt/sdformat_vendor:/opt/ros/jazzy/opt/gz_gui_vendor:/opt/ros/jazzy/opt/gz_transport_vendor:/opt/ros/jazzy/opt/gz_rendering_vendor:/opt/ros/jazzy/opt/gz_plugin_vendor:/opt/ros/jazzy/opt/gz_fuel_tools_vendor:/opt/ros/jazzy/opt/gz_msgs_vendor:/opt/ros/jazzy/opt/gz_common_vendor:/opt/ros/jazzy/opt/gz_math_vendor:/opt/ros/jazzy/opt/gz_utils_vendor:/opt/ros/jazzy/opt/gz_tools_vendor:/opt/ros/jazzy/opt/gz_ogre_next_vendor:/opt/ros/jazzy/opt/gz_dartsim_vendor:/opt/ros/jazzy/opt/gz_cmake_vendor:/home/javierbecerril/harmonic_ws/install/tag_hover_sim:/opt/ros/jazzy DEBUGINFOD_URLS=https://debuginfod.ubuntu.com LD_LIBRARY_PATH=/home/javierbecerril/harmonic_ws/install/ardupilot_msgs/lib:${LD_LIBRARY_PATH} PS1=\[\e]0;\u@\h: \w\a\]${debian_chroot:+($debian_chroot)}\[\033[01;32m\]\u@\h\[\033[00m\]:\[\033[01;34m\]\w\[\033[00m\]\$ PYTHONPATH=/home/javierbecerril/harmonic_ws/install/ardupilot_msgs/lib/python3.12/site-packages:${PYTHONPATH} /usr/bin/cmake /home/javierbecerril/harmonic_ws/src/ardupilot/Tools/ros2/ardupilot_sitl -DAMENT_CMAKE_SYMLINK_INSTALL=1 -DCMAKE_INSTALL_PREFIX=/home/javierbecerril/harmonic_ws/install/ardupilot_sitl
[1.196s] -- The C compiler identification is GNU 13.3.0
[1.971s] -- The CXX compiler identification is GNU 13.3.0
[2.629s] -- Detecting C compiler ABI info
[3.080s] -- Detecting C compiler ABI info - done
[3.093s] -- Check for working C compiler: /usr/bin/cc - skipped
[3.095s] -- Detecting C compile features
[3.096s] -- Detecting C compile features - done
[3.255s] -- Detecting CXX compiler ABI info
[3.655s] -- Detecting CXX compiler ABI info - done
[3.668s] -- Check for working CXX compiler: /usr/bin/c++ - skipped
[3.668s] -- Detecting CXX compile features
[3.669s] -- Detecting CXX compile features - done
[3.677s] -- Found ament_cmake: 2.5.4 (/opt/ros/jazzy/share/ament_cmake/cmake)
[3.930s] -- Found Python3: /usr/bin/python3 (found version "3.12.3") found components: Interpreter 
[4.033s] -- Override CMake install command with custom implementation using symlinks instead of copying resources
[4.095s] -- WAF_COMMAND: /home/javierbecerril/harmonic_ws/src/ardupilot/waf
[4.289s] -- Found ament_lint_auto: 0.17.3 (/opt/ros/jazzy/share/ament_lint_auto/cmake)
[6.392s] -- Added test 'copyright' to check source files copyright and LICENSE
[6.397s] -- Added test 'lint_cmake' to check CMake code style
[6.398s] -- Added test 'pep257' to check Python code against some of the docstring style conventions in PEP 257
[6.402s] -- Added test 'xmllint' to check XML markup files
[6.405s] -- Configuring done (5.7s)
[6.413s] -- Generating done (0.0s)
[6.416s] -- Build files have been written to: /home/javierbecerril/harmonic_ws/build/ardupilot_sitl
[6.425s] Invoked command in '/home/javierbecerril/harmonic_ws/build/ardupilot_sitl' returned '0': AMENT_PREFIX_PATH=/home/javierbecerril/harmonic_ws/install/ardupilot_msgs:${AMENT_PREFIX_PATH} CMAKE_PREFIX_PATH=/home/javierbecerril/harmonic_ws/install/ardupilot_msgs:/home/javierbecerril/harmonic_ws/install/ardupilot_gazebo:/opt/ros/jazzy/opt/gz_sim_vendor:/opt/ros/jazzy/opt/gz_sensors_vendor:/opt/ros/jazzy/opt/gz_physics_vendor:/opt/ros/jazzy/opt/sdformat_vendor:/opt/ros/jazzy/opt/gz_gui_vendor:/opt/ros/jazzy/opt/gz_transport_vendor:/opt/ros/jazzy/opt/gz_rendering_vendor:/opt/ros/jazzy/opt/gz_plugin_vendor:/opt/ros/jazzy/opt/gz_fuel_tools_vendor:/opt/ros/jazzy/opt/gz_msgs_vendor:/opt/ros/jazzy/opt/gz_common_vendor:/opt/ros/jazzy/opt/gz_math_vendor:/opt/ros/jazzy/opt/gz_utils_vendor:/opt/ros/jazzy/opt/gz_tools_vendor:/opt/ros/jazzy/opt/gz_ogre_next_vendor:/opt/ros/jazzy/opt/gz_dartsim_vendor:/opt/ros/jazzy/opt/gz_cmake_vendor:/home/javierbecerril/harmonic_ws/install/tag_hover_sim:/opt/ros/jazzy DEBUGINFOD_URLS=https://debuginfod.ubuntu.com LD_LIBRARY_PATH=/home/javierbecerril/harmonic_ws/install/ardupilot_msgs/lib:${LD_LIBRARY_PATH} PS1=\[\e]0;\u@\h: \w\a\]${debian_chroot:+($debian_chroot)}\[\033[01;32m\]\u@\h\[\033[00m\]:\[\033[01;34m\]\w\[\033[00m\]\$ PYTHONPATH=/home/javierbecerril/harmonic_ws/install/ardupilot_msgs/lib/python3.12/site-packages:${PYTHONPATH} /usr/bin/cmake /home/javierbecerril/harmonic_ws/src/ardupilot/Tools/ros2/ardupilot_sitl -DAMENT_CMAKE_SYMLINK_INSTALL=1 -DCMAKE_INSTALL_PREFIX=/home/javierbecerril/harmonic_ws/install/ardupilot_sitl
[6.427s] Invoking command in '/home/javierbecerril/harmonic_ws/build/ardupilot_sitl': AMENT_PREFIX_PATH=/home/javierbecerril/harmonic_ws/install/ardupilot_msgs:${AMENT_PREFIX_PATH} CMAKE_PREFIX_PATH=/home/javierbecerril/harmonic_ws/install/ardupilot_msgs:/home/javierbecerril/harmonic_ws/install/ardupilot_gazebo:/opt/ros/jazzy/opt/gz_sim_vendor:/opt/ros/jazzy/opt/gz_sensors_vendor:/opt/ros/jazzy/opt/gz_physics_vendor:/opt/ros/jazzy/opt/sdformat_vendor:/opt/ros/jazzy/opt/gz_gui_vendor:/opt/ros/jazzy/opt/gz_transport_vendor:/opt/ros/jazzy/opt/gz_rendering_vendor:/opt/ros/jazzy/opt/gz_plugin_vendor:/opt/ros/jazzy/opt/gz_fuel_tools_vendor:/opt/ros/jazzy/opt/gz_msgs_vendor:/opt/ros/jazzy/opt/gz_common_vendor:/opt/ros/jazzy/opt/gz_math_vendor:/opt/ros/jazzy/opt/gz_utils_vendor:/opt/ros/jazzy/opt/gz_tools_vendor:/opt/ros/jazzy/opt/gz_ogre_next_vendor:/opt/ros/jazzy/opt/gz_dartsim_vendor:/opt/ros/jazzy/opt/gz_cmake_vendor:/home/javierbecerril/harmonic_ws/install/tag_hover_sim:/opt/ros/jazzy DEBUGINFOD_URLS=https://debuginfod.ubuntu.com LD_LIBRARY_PATH=/home/javierbecerril/harmonic_ws/install/ardupilot_msgs/lib:${LD_LIBRARY_PATH} PS1=\[\e]0;\u@\h: \w\a\]${debian_chroot:+($debian_chroot)}\[\033[01;32m\]\u@\h\[\033[00m\]:\[\033[01;34m\]\w\[\033[00m\]\$ PYTHONPATH=/home/javierbecerril/harmonic_ws/install/ardupilot_msgs/lib/python3.12/site-packages:${PYTHONPATH} /usr/bin/cmake --build /home/javierbecerril/harmonic_ws/build/ardupilot_sitl -- -j12 -l12
[6.501s] Built target ament_cmake_python_symlink_ardupilot_sitl
[6.878s] running egg_info
[6.880s] creating ardupilot_sitl.egg-info
[6.911s] writing ardupilot_sitl.egg-info/PKG-INFO
[6.911s] writing dependency_links to ardupilot_sitl.egg-info/dependency_links.txt
[6.912s] writing top-level names to ardupilot_sitl.egg-info/top_level.txt
[6.912s] writing manifest file 'ardupilot_sitl.egg-info/SOURCES.txt'
[6.990s] reading manifest file 'ardupilot_sitl.egg-info/SOURCES.txt'
[6.991s] writing manifest file 'ardupilot_sitl.egg-info/SOURCES.txt'
[7.030s] Built target ament_cmake_python_build_ardupilot_sitl_egg
[7.070s] [32m[0mSetting top to                           :[0m [0m[32m[32m/home/javierbecerril/harmonic_ws/src/ardupilot[0m [0m
[7.070s] [32m[0mSetting out to                           :[0m [0m[32m[32m/home/javierbecerril/harmonic_ws/src/ardupilot/build[0m [0m
[7.084s] [32m[0mAutoconfiguration                        :[0m [0m[32m[32menabled[0m [0m
[7.084s] [32m[0mChecking for program 'python'            :[0m [0m[32m[32m/usr/bin/python3[0m [0m
[7.472s] [32m[0mChecking for python version >= 3.8.0     :[0m [0m[32m[32m3.12.3[0m [0m
[7.475s] [32m[0mSetting board to                         :[0m [0m[32m[32msitl[0m [0m
[7.477s] [32m[0mUsing toolchain                          :[0m [0m[32m[32mnative[0m [0m
[7.497s] [32m[0mChecking for 'g++' (C++ compiler)        :[0m [0m[32m[32m/usr/bin/g++[0m [0m
[7.518s] [32m[0mChecking for 'gcc' (C compiler)          :[0m [0m[32m[32m/usr/bin/gcc[0m [0m
[7.546s] [32m[0mChecking for c flags '-MMD'              :[0m [0m[32m[32myes[0m [0m
[7.567s] [32m[0mChecking for cxx flags '-MMD'            :[0m [0m[32m[32myes[0m [0m
[7.569s] [32m[0mCXX Compiler                             :[0m [0m[32m[32mg++ 13.3.0[0m [0m
[7.909s] [32m[0mChecking for need to link with librt     :[0m [0m[32m[32mnot necessary[0m [0m
[8.397s] [32m[0mChecking for feenableexcept              :[0m [0m[32m[32myes[0m [0m
[8.398s] [32m[0mEnabling -Werror                         :[0m [0m[32m[32mno[0m [0m
[8.398s] [32m[0mEnabled OpenDroneID                      :[0m [0m[32m[33mno[0m [0m
[8.398s] [32m[0mEnabled firmware ID checking             :[0m [0m[32m[33mno[0m [0m
[8.399s] [32m[0mGPS Debug Logging                        :[0m [0m[32m[33mno[0m [0m
[8.399s] [32m[0mEnabled custom controller                :[0m [0m[32m[32myes[0m [0m
[8.399s] [32m[0mEnabled DDS                              :[0m [0m[32m[32myes[0m [0m
[8.664s] [32m[0mChecking for HAVE_CMATH_ISFINITE         :[0m [0m[32m[32myes[0m [0m
[9.084s] [32m[0mChecking for HAVE_CMATH_ISINF            :[0m [0m[32m[32myes[0m [0m
[9.782s] [32m[0mChecking for HAVE_CMATH_ISNAN            :[0m [0m[32m[32myes[0m [0m
[10.463s] [32m[0mChecking for NEED_CMATH_ISFINITE_STD_NAMESPACE :[0m [0m[32m[32myes[0m [0m
[11.123s] [32m[0mChecking for NEED_CMATH_ISINF_STD_NAMESPACE    :[0m [0m[32m[32myes[0m [0m
[11.891s] [32m[0mChecking for NEED_CMATH_ISNAN_STD_NAMESPACE    :[0m [0m[32m[32myes[0m [0m
[12.516s] [32m[0mChecking for header endian.h                   :[0m [0m[32m[32myes[0m [0m
[13.123s] [32m[0mChecking for header byteswap.h                 :[0m [0m[32m[32myes[0m [0m
[13.902s] [32m[0mChecking for HAVE_MEMRCHR                      :[0m [0m[32m[32myes[0m [0m
[13.903s] [32m[0mConfigured VSCode Intellisense:                :[0m [0m[32m[33mno[0m [0m
[13.919s] [32m[0mDC_DSDL compiler in                            :[0m [0m[32m[32m/home/javierbecerril/harmonic_ws/src/ardupilot/modules/DroneCAN/dronecan_dsdlc[0m [0m
[13.919s] [32m[0mSource is git repository                       :[0m [0m[32m[32myes[0m [0m
[13.920s] [32m[0mUpdate submodules                              :[0m [0m[32m[32myes[0m [0m
[13.923s] [32m[0mChecking for program 'git'                     :[0m [0m[32m[32m/usr/bin/git[0m [0m
[13.925s] [32m[0mLittlefs                                       :[0m [0m[32m[33mdisabled[0m [0m
[13.929s] [32m[0mChecking for program 'size'                    :[0m [0m[32m[32m/usr/bin/size[0m [0m
[13.930s] [32m[0mBenchmarks                                     :[0m [0m[32m[33mdisabled[0m [0m
[13.930s] [32m[0mUnit tests                                     :[0m [0m[32m[32menabled[0m [0m
[13.931s] [32m[0mScripting                                      :[0m [0m[32m[32mmaybe[0m [0m
[15.065s] [32m[0mChecking for program 'microxrceddsgen'         :[0m [0m[32m[33mnot found[0m [0m
[15.078s] [01;31mCould not find the program ['microxrceddsgen']
[15.078s] (complete log in /home/javierbecerril/harmonic_ws/src/ardupilot/build/config.log)[0m
[15.127s] gmake[2]: *** [CMakeFiles/ardupilot_configure.dir/build.make:70: CMakeFiles/ardupilot_configure] Error 1
[15.128s] gmake[1]: *** [CMakeFiles/Makefile2:142: CMakeFiles/ardupilot_configure.dir/all] Error 2
[15.128s] gmake: *** [Makefile:146: all] Error 2
[15.132s] Invoked command in '/home/javierbecerril/harmonic_ws/build/ardupilot_sitl' returned '2': AMENT_PREFIX_PATH=/home/javierbecerril/harmonic_ws/install/ardupilot_msgs:${AMENT_PREFIX_PATH} CMAKE_PREFIX_PATH=/home/javierbecerril/harmonic_ws/install/ardupilot_msgs:/home/javierbecerril/harmonic_ws/install/ardupilot_gazebo:/opt/ros/jazzy/opt/gz_sim_vendor:/opt/ros/jazzy/opt/gz_sensors_vendor:/opt/ros/jazzy/opt/gz_physics_vendor:/opt/ros/jazzy/opt/sdformat_vendor:/opt/ros/jazzy/opt/gz_gui_vendor:/opt/ros/jazzy/opt/gz_transport_vendor:/opt/ros/jazzy/opt/gz_rendering_vendor:/opt/ros/jazzy/opt/gz_plugin_vendor:/opt/ros/jazzy/opt/gz_fuel_tools_vendor:/opt/ros/jazzy/opt/gz_msgs_vendor:/opt/ros/jazzy/opt/gz_common_vendor:/opt/ros/jazzy/opt/gz_math_vendor:/opt/ros/jazzy/opt/gz_utils_vendor:/opt/ros/jazzy/opt/gz_tools_vendor:/opt/ros/jazzy/opt/gz_ogre_next_vendor:/opt/ros/jazzy/opt/gz_dartsim_vendor:/opt/ros/jazzy/opt/gz_cmake_vendor:/home/javierbecerril/harmonic_ws/install/tag_hover_sim:/opt/ros/jazzy DEBUGINFOD_URLS=https://debuginfod.ubuntu.com LD_LIBRARY_PATH=/home/javierbecerril/harmonic_ws/install/ardupilot_msgs/lib:${LD_LIBRARY_PATH} PS1=\[\e]0;\u@\h: \w\a\]${debian_chroot:+($debian_chroot)}\[\033[01;32m\]\u@\h\[\033[00m\]:\[\033[01;34m\]\w\[\033[00m\]\$ PYTHONPATH=/home/javierbecerril/harmonic_ws/install/ardupilot_msgs/lib/python3.12/site-packages:${PYTHONPATH} /usr/bin/cmake --build /home/javierbecerril/harmonic_ws/build/ardupilot_sitl -- -j12 -l12
